<?xml version="1.0" encoding="UTF-8"?>
<testng-results ignored="0" total="1" passed="1" failed="0" skipped="0">
  <reporter-output>
  </reporter-output>
  <suite started-at="2024-03-24T06:37:43 IST" name="Suite" finished-at="2024-03-24T06:37:48 IST" duration-ms="4943">
    <groups>
    </groups>
    <test started-at="2024-03-24T06:37:43 IST" name="Test" finished-at="2024-03-24T06:37:48 IST" duration-ms="4943">
      <class name="CrossBrowsingTest.CrossbrowsingTesting">
        <test-method is-config="true" signature="setup(java.lang.String)[pri:0, instance:CrossBrowsingTest.CrossbrowsingTesting@8f2ef19]" started-at="2024-03-24T06:37:43 IST" name="setup" finished-at="2024-03-24T06:37:46 IST" duration-ms="3729" status="PASS">
          <params>
            <param index="0">
              <value>
                <![CDATA[chrome]]>
              </value>
            </param>
          </params>
          <reporter-output>
          </reporter-output>
        </test-method> <!-- setup -->
        <test-method signature="verifyTitle()[pri:0, instance:CrossBrowsingTest.CrossbrowsingTesting@8f2ef19]" started-at="2024-03-24T06:37:46 IST" name="verifyTitle" finished-at="2024-03-24T06:37:48 IST" duration-ms="1180" status="PASS">
          <reporter-output>
          </reporter-output>
        </test-method> <!-- verifyTitle -->
      </class> <!-- CrossBrowsingTest.CrossbrowsingTesting -->
    </test> <!-- Test -->
  </suite> <!-- Suite -->
</testng-results>
